\BOOKMARK [1][-]{section.1}{1.\040Goal\040and\040related\040concepts}{}% 1
\BOOKMARK [2][-]{subsection.1.1}{1.1.\040Conventions\040and\040Notations}{section.1}% 2
\BOOKMARK [2][-]{subsection.1.2}{1.2.\040Representable\040functor}{section.1}% 3
\BOOKMARK [2][-]{subsection.1.3}{1.3.\040Corepresentable\040functor}{section.1}% 4
\BOOKMARK [2][-]{subsection.1.4}{1.4.\040Coarse\040moduli\040space}{section.1}% 5
\BOOKMARK [2][-]{subsection.1.5}{1.5.\040Stack}{section.1}% 6
\BOOKMARK [2][-]{subsection.1.6}{1.6.\040Goal}{section.1}% 7
\BOOKMARK [2][-]{subsection.1.7}{1.7.\040Quotient}{section.1}% 8
\BOOKMARK [1][-]{section.2}{2.\040Basic\040object}{}% 9
\BOOKMARK [2][-]{subsection.2.1}{2.1.\040Projective\040space}{section.2}% 10
\BOOKMARK [2][-]{subsection.2.2}{2.2.\040Grassmannian}{section.2}% 11
\BOOKMARK [2][-]{subsection.2.3}{2.3.\040Flag\040variety,\040partial\040flag\040variety}{section.2}% 12
\BOOKMARK [2][-]{subsection.2.4}{2.4.\040Hilbert\040scheme}{section.2}% 13
\BOOKMARK [2][-]{subsection.2.5}{2.5.\040Quot\040scheme}{section.2}% 14
\BOOKMARK [2][-]{subsection.2.6}{2.6.\040Misc}{section.2}% 15
\BOOKMARK [1][-]{section.3}{3.\040Moduli\040of\040curve}{}% 16
\BOOKMARK [2][-]{subsection.3.1}{3.1.\040Initial\040definition}{section.3}% 17
\BOOKMARK [2][-]{subsection.3.2}{3.2.\040Result}{section.3}% 18
\BOOKMARK [1][-]{section.4}{4.\040Moduli\040of\040elliptic\040curve}{}% 19
\BOOKMARK [2][-]{subsection.4.1}{4.1.\040Definition\040and\040basic\040properties\040of\040elliptic\040curve}{section.4}% 20
\BOOKMARK [2][-]{subsection.4.2}{4.2.\040Differential}{section.4}% 21
\BOOKMARK [2][-]{subsection.4.3}{4.3.\040Crash\040course\040on\040Abelian\040variety}{section.4}% 22
\BOOKMARK [2][-]{subsection.4.4}{4.4.\040Level\040structure}{section.4}% 23
\BOOKMARK [2][-]{subsection.4.5}{4.5.\040Complex\040case}{section.4}% 24
\BOOKMARK [1][-]{section.5}{5.\040Moduli\040of\040higher\040dimensional\040variety,\040MMP}{}% 25
\BOOKMARK [2][-]{subsection.5.1}{5.1.\040Moduli\040of\040algebraic\040surfaces}{section.5}% 26
\BOOKMARK [2][-]{subsection.5.2}{5.2.\040MMP}{section.5}% 27
\BOOKMARK [1][-]{section.6}{6.\040Moduli\040of\040vector\040bundle}{}% 28
\BOOKMARK [1][-]{section*.5}{References}{}% 29
